# Student Dialog Builder Error Log
# Format: [ISO-8601-TIMESTAMP] [ERROR_TYPE] Message
# Stack trace (if available)
# Additional context
# ---
2025-02-04 10:45:48,670 - __main__ - ERROR - Error serving file favicon.ico: 404 Not Found: The requested URL was not found on the server. If you entered the URL manually please check your spelling and try again.
2025-02-04 10:59:00,538 - __main__ - ERROR - Error serving file audio/timer.mp3: 404 Not Found: The requested URL was not found on the server. If you entered the URL manually please check your spelling and try again.
2025-02-04 10:59:00,568 - __main__ - ERROR - Error serving file favicon.ico: 404 Not Found: The requested URL was not found on the server. If you entered the URL manually please check your spelling and try again.
2025-02-04 11:15:56,212 - __main__ - ERROR - Error serving file audio/timer.mp3: 404 Not Found: The requested URL was not found on the server. If you entered the URL manually please check your spelling and try again.
2025-02-04 11:16:31,117 - __main__ - ERROR - Error serving file favicon.ico: 404 Not Found: The requested URL was not found on the server. If you entered the URL manually please check your spelling and try again.
2025-02-04 11:20:53,940 - __main__ - ERROR - Error serving file favicon.ico: 404 Not Found: The requested URL was not found on the server. If you entered the URL manually please check your spelling and try again.
2025-02-04 11:32:39,216 - __main__ - ERROR - Error serving file audio/timer.mp3: 404 Not Found: The requested URL was not found on the server. If you entered the URL manually please check your spelling and try again.
2025-02-04 11:32:51,368 - __main__ - ERROR - Error serving file audio/timer.mp3: 404 Not Found: The requested URL was not found on the server. If you entered the URL manually please check your spelling and try again.
2025-02-04 11:32:51,399 - __main__ - ERROR - Error serving file favicon.ico: 404 Not Found: The requested URL was not found on the server. If you entered the URL manually please check your spelling and try again.
2025-02-04 11:56:56,520 - __main__ - ERROR - Error serving file favicon.ico: 404 Not Found: The requested URL was not found on the server. If you entered the URL manually please check your spelling and try again.
2025-02-04 11:57:11,863 - __main__ - ERROR - Error serving file audio/timer.mp3: 404 Not Found: The requested URL was not found on the server. If you entered the URL manually please check your spelling and try again.
2025-02-04 12:04:57,888 - __main__ - ERROR - Error serving file favicon.ico: 404 Not Found: The requested URL was not found on the server. If you entered the URL manually please check your spelling and try again.
2025-02-04 12:06:23,975 - __main__ - ERROR - Error serving file audio/timer.mp3: 404 Not Found: The requested URL was not found on the server. If you entered the URL manually please check your spelling and try again.
2025-02-04 12:06:24,068 - __main__ - ERROR - Error serving file favicon.ico: 404 Not Found: The requested URL was not found on the server. If you entered the URL manually please check your spelling and try again.
[2025-02-04 12:44:20,071] [ERROR] [charactergen] API error after 3 attempts: API returned status code 404
Context: C:\Users\denni\Documents\student-dialog-builder\charactergen.py:198
Stack (most recent call last):
  File "C:\Users\denni\Documents\student-dialog-builder\charactergen.py", line 435, in <module>
    main()
  File "C:\Users\denni\Documents\student-dialog-builder\charactergen.py", line 344, in main
    character = generate_character("")
  File "C:\Users\denni\Documents\student-dialog-builder\charactergen.py", line 198, in generate_character
    logger.error(
---
Traceback (most recent call last):
  File "C:\Users\denni\Documents\student-dialog-builder\charactergen.py", line 156, in generate_character
    raise APIError(
APIError: API returned status code 404
Stack (most recent call last):
  File "C:\Users\denni\Documents\student-dialog-builder\charactergen.py", line 435, in <module>
    main()
  File "C:\Users\denni\Documents\student-dialog-builder\charactergen.py", line 344, in main
    character = generate_character("")
  File "C:\Users\denni\Documents\student-dialog-builder\charactergen.py", line 198, in generate_character
    logger.error(
[2025-02-04 12:44:20,072] [ERROR] [charactergen] Error on attempt 1/3: Failed after 3 attempts: API returned status code 404
Context: C:\Users\denni\Documents\student-dialog-builder\charactergen.py:359
Stack (most recent call last):
  File "C:\Users\denni\Documents\student-dialog-builder\charactergen.py", line 435, in <module>
    main()
  File "C:\Users\denni\Documents\student-dialog-builder\charactergen.py", line 359, in main
    logger.error(
---
Traceback (most recent call last):
  File "C:\Users\denni\Documents\student-dialog-builder\charactergen.py", line 156, in generate_character
    raise APIError(
APIError: API returned status code 404

During handling of the above exception, another exception occurred:

Traceback (most recent call last):
  File "C:\Users\denni\Documents\student-dialog-builder\charactergen.py", line 344, in main
    character = generate_character("")
                ^^^^^^^^^^^^^^^^^^^^^^
  File "C:\Users\denni\Documents\student-dialog-builder\charactergen.py", line 203, in generate_character
    raise APIError(f"Failed after {max_retries} attempts: {str(e)}")
APIError: Failed after 3 attempts: API returned status code 404
Stack (most recent call last):
  File "C:\Users\denni\Documents\student-dialog-builder\charactergen.py", line 435, in <module>
    main()
  File "C:\Users\denni\Documents\student-dialog-builder\charactergen.py", line 359, in main
    logger.error(
[2025-02-04 12:45:33,095] [ERROR] [charactergen] Character validation error: Missing required categories: character, business, psychology
Context: C:\Users\denni\Documents\student-dialog-builder\charactergen.py:290
Stack (most recent call last):
  File "C:\Users\denni\Documents\student-dialog-builder\charactergen.py", line 435, in <module>
    main()
  File "C:\Users\denni\Documents\student-dialog-builder\charactergen.py", line 347, in main
    if validate_character(character):
  File "C:\Users\denni\Documents\student-dialog-builder\charactergen.py", line 290, in validate_character
    logger.error(
---
Traceback (most recent call last):
  File "C:\Users\denni\Documents\student-dialog-builder\charactergen.py", line 266, in validate_character
    raise ValidationError(
ValidationError: Missing required categories: character, business, psychology
Stack (most recent call last):
  File "C:\Users\denni\Documents\student-dialog-builder\charactergen.py", line 435, in <module>
    main()
  File "C:\Users\denni\Documents\student-dialog-builder\charactergen.py", line 347, in main
    if validate_character(character):
  File "C:\Users\denni\Documents\student-dialog-builder\charactergen.py", line 290, in validate_character
    logger.error(
[2025-02-04 12:45:33,095] [ERROR] [charactergen] Error on attempt 1/3: Missing required categories: character, business, psychology
Context: C:\Users\denni\Documents\student-dialog-builder\charactergen.py:359
Stack (most recent call last):
  File "C:\Users\denni\Documents\student-dialog-builder\charactergen.py", line 435, in <module>
    main()
  File "C:\Users\denni\Documents\student-dialog-builder\charactergen.py", line 359, in main
    logger.error(
---
Traceback (most recent call last):
  File "C:\Users\denni\Documents\student-dialog-builder\charactergen.py", line 347, in main
    if validate_character(character):
       ^^^^^^^^^^^^^^^^^^^^^^^^^^^^^
  File "C:\Users\denni\Documents\student-dialog-builder\charactergen.py", line 266, in validate_character
    raise ValidationError(
ValidationError: Missing required categories: character, business, psychology
Stack (most recent call last):
  File "C:\Users\denni\Documents\student-dialog-builder\charactergen.py", line 435, in <module>
    main()
  File "C:\Users\denni\Documents\student-dialog-builder\charactergen.py", line 359, in main
    logger.error(
[2025-02-04 12:46:11,524] [ERROR] [charactergen] Character validation error: Missing required categories: character, business, psychology
Context: C:\Users\denni\Documents\student-dialog-builder\charactergen.py:290
Stack (most recent call last):
  File "C:\Users\denni\Documents\student-dialog-builder\charactergen.py", line 435, in <module>
    main()
  File "C:\Users\denni\Documents\student-dialog-builder\charactergen.py", line 347, in main
    if validate_character(character):
  File "C:\Users\denni\Documents\student-dialog-builder\charactergen.py", line 290, in validate_character
    logger.error(
---
Traceback (most recent call last):
  File "C:\Users\denni\Documents\student-dialog-builder\charactergen.py", line 266, in validate_character
    raise ValidationError(
ValidationError: Missing required categories: character, business, psychology
Stack (most recent call last):
  File "C:\Users\denni\Documents\student-dialog-builder\charactergen.py", line 435, in <module>
    main()
  File "C:\Users\denni\Documents\student-dialog-builder\charactergen.py", line 347, in main
    if validate_character(character):
  File "C:\Users\denni\Documents\student-dialog-builder\charactergen.py", line 290, in validate_character
    logger.error(
[2025-02-04 12:46:11,525] [ERROR] [charactergen] Error on attempt 2/3: Missing required categories: character, business, psychology
Context: C:\Users\denni\Documents\student-dialog-builder\charactergen.py:359
Stack (most recent call last):
  File "C:\Users\denni\Documents\student-dialog-builder\charactergen.py", line 435, in <module>
    main()
  File "C:\Users\denni\Documents\student-dialog-builder\charactergen.py", line 359, in main
    logger.error(
---
Traceback (most recent call last):
  File "C:\Users\denni\Documents\student-dialog-builder\charactergen.py", line 347, in main
    if validate_character(character):
       ^^^^^^^^^^^^^^^^^^^^^^^^^^^^^
  File "C:\Users\denni\Documents\student-dialog-builder\charactergen.py", line 266, in validate_character
    raise ValidationError(
ValidationError: Missing required categories: character, business, psychology
Stack (most recent call last):
  File "C:\Users\denni\Documents\student-dialog-builder\charactergen.py", line 435, in <module>
    main()
  File "C:\Users\denni\Documents\student-dialog-builder\charactergen.py", line 359, in main
    logger.error(
[2025-02-04 12:46:33,554] [ERROR] [charactergen] Character validation error: Missing required categories: character, business, psychology, desires
Context: C:\Users\denni\Documents\student-dialog-builder\charactergen.py:290
Stack (most recent call last):
  File "C:\Users\denni\Documents\student-dialog-builder\charactergen.py", line 435, in <module>
    main()
  File "C:\Users\denni\Documents\student-dialog-builder\charactergen.py", line 347, in main
    if validate_character(character):
  File "C:\Users\denni\Documents\student-dialog-builder\charactergen.py", line 290, in validate_character
    logger.error(
---
Traceback (most recent call last):
  File "C:\Users\denni\Documents\student-dialog-builder\charactergen.py", line 266, in validate_character
    raise ValidationError(
ValidationError: Missing required categories: character, business, psychology, desires
Stack (most recent call last):
  File "C:\Users\denni\Documents\student-dialog-builder\charactergen.py", line 435, in <module>
    main()
  File "C:\Users\denni\Documents\student-dialog-builder\charactergen.py", line 347, in main
    if validate_character(character):
  File "C:\Users\denni\Documents\student-dialog-builder\charactergen.py", line 290, in validate_character
    logger.error(
[2025-02-04 12:46:33,554] [ERROR] [charactergen] Error on attempt 3/3: Missing required categories: character, business, psychology, desires
Context: C:\Users\denni\Documents\student-dialog-builder\charactergen.py:359
Stack (most recent call last):
  File "C:\Users\denni\Documents\student-dialog-builder\charactergen.py", line 435, in <module>
    main()
  File "C:\Users\denni\Documents\student-dialog-builder\charactergen.py", line 359, in main
    logger.error(
---
Traceback (most recent call last):
  File "C:\Users\denni\Documents\student-dialog-builder\charactergen.py", line 347, in main
    if validate_character(character):
       ^^^^^^^^^^^^^^^^^^^^^^^^^^^^^
  File "C:\Users\denni\Documents\student-dialog-builder\charactergen.py", line 266, in validate_character
    raise ValidationError(
ValidationError: Missing required categories: character, business, psychology, desires
Stack (most recent call last):
  File "C:\Users\denni\Documents\student-dialog-builder\charactergen.py", line 435, in <module>
    main()
  File "C:\Users\denni\Documents\student-dialog-builder\charactergen.py", line 359, in main
    logger.error(
[2025-02-04 12:46:33,555] [ERROR] [charactergen] Failed to generate character 1 after 3 attempts
Context: C:\Users\denni\Documents\student-dialog-builder\charactergen.py:368
Stack (most recent call last):
  File "C:\Users\denni\Documents\student-dialog-builder\charactergen.py", line 435, in <module>
    main()
  File "C:\Users\denni\Documents\student-dialog-builder\charactergen.py", line 368, in main
    logger.error(
---
Traceback (most recent call last):
  File "C:\Users\denni\Documents\student-dialog-builder\charactergen.py", line 347, in main
    if validate_character(character):
       ^^^^^^^^^^^^^^^^^^^^^^^^^^^^^
  File "C:\Users\denni\Documents\student-dialog-builder\charactergen.py", line 266, in validate_character
    raise ValidationError(
ValidationError: Missing required categories: character, business, psychology, desires
Stack (most recent call last):
  File "C:\Users\denni\Documents\student-dialog-builder\charactergen.py", line 435, in <module>
    main()
  File "C:\Users\denni\Documents\student-dialog-builder\charactergen.py", line 368, in main
    logger.error(
2025-02-04 13:01:14,178 - __main__ - ERROR - Error serving file audio/timer.mp3: 404 Not Found: The requested URL was not found on the server. If you entered the URL manually please check your spelling and try again.
2025-02-04 13:04:40,374 - __main__ - ERROR - Error serving file audio/timer.mp3: 404 Not Found: The requested URL was not found on the server. If you entered the URL manually please check your spelling and try again.
2025-02-04 13:09:27,181 - __main__ - ERROR - Error serving file audio/timer.mp3: 404 Not Found: The requested URL was not found on the server. If you entered the URL manually please check your spelling and try again.
